{"C:\\Users\\DZ Laptops\\solaire\\src\\App.jsx": {"path":"C:\\Users\\DZ Laptops\\solaire\\src\\App.jsx","statementMap":{"0":{"start":{"line":26,"column":0},"end":{"line":35,"column":null}},"1":{"start":{"line":39,"column":6},"end":{"line":48,"column":null}},"2":{"start":{"line":51,"column":27},"end":{"line":51,"column":null}},"3":{"start":{"line":52,"column":29},"end":{"line":52,"column":null}},"4":{"start":{"line":53,"column":25},"end":{"line":53,"column":null}},"5":{"start":{"line":55,"column":31},"end":{"line":55,"column":null}},"6":{"start":{"line":56,"column":37},"end":{"line":56,"column":null}},"7":{"start":{"line":58,"column":47},"end":{"line":58,"column":null}},"8":{"start":{"line":59,"column":41},"end":{"line":59,"column":null}},"9":{"start":{"line":61,"column":39},"end":{"line":61,"column":null}},"10":{"start":{"line":62,"column":41},"end":{"line":62,"column":null}},"11":{"start":{"line":64,"column":31},"end":{"line":68,"column":null}},"12":{"start":{"line":70,"column":2},"end":{"line":72,"column":null}},"13":{"start":{"line":71,"column":4},"end":{"line":71,"column":null}},"14":{"start":{"line":74,"column":21},"end":{"line":85,"column":null}},"15":{"start":{"line":75,"column":4},"end":{"line":84,"column":null}},"16":{"start":{"line":76,"column":6},"end":{"line":76,"column":null}},"17":{"start":{"line":77,"column":6},"end":{"line":77,"column":null}},"18":{"start":{"line":78,"column":19},"end":{"line":78,"column":null}},"19":{"start":{"line":79,"column":6},"end":{"line":79,"column":null}},"20":{"start":{"line":81,"column":6},"end":{"line":81,"column":null}},"21":{"start":{"line":83,"column":6},"end":{"line":83,"column":null}},"22":{"start":{"line":87,"column":28},"end":{"line":99,"column":null}},"23":{"start":{"line":88,"column":4},"end":{"line":98,"column":null}},"24":{"start":{"line":89,"column":6},"end":{"line":89,"column":null}},"25":{"start":{"line":90,"column":23},"end":{"line":90,"column":null}},"26":{"start":{"line":91,"column":6},"end":{"line":91,"column":null}},"27":{"start":{"line":91,"column":26},"end":{"line":91,"column":null}},"28":{"start":{"line":92,"column":6},"end":{"line":92,"column":null}},"29":{"start":{"line":93,"column":6},"end":{"line":93,"column":null}},"30":{"start":{"line":95,"column":6},"end":{"line":95,"column":null}},"31":{"start":{"line":97,"column":6},"end":{"line":97,"column":null}},"32":{"start":{"line":101,"column":28},"end":{"line":116,"column":null}},"33":{"start":{"line":102,"column":4},"end":{"line":115,"column":null}},"34":{"start":{"line":103,"column":6},"end":{"line":103,"column":null}},"35":{"start":{"line":104,"column":22},"end":{"line":104,"column":null}},"36":{"start":{"line":105,"column":6},"end":{"line":106,"column":null}},"37":{"start":{"line":106,"column":8},"end":{"line":106,"column":null}},"38":{"start":{"line":106,"column":25},"end":{"line":106,"column":null}},"39":{"start":{"line":108,"column":6},"end":{"line":108,"column":null}},"40":{"start":{"line":109,"column":6},"end":{"line":109,"column":null}},"41":{"start":{"line":110,"column":6},"end":{"line":110,"column":null}},"42":{"start":{"line":112,"column":6},"end":{"line":112,"column":null}},"43":{"start":{"line":114,"column":6},"end":{"line":114,"column":null}},"44":{"start":{"line":118,"column":28},"end":{"line":135,"column":null}},"45":{"start":{"line":119,"column":4},"end":{"line":119,"column":null}},"46":{"start":{"line":119,"column":24},"end":{"line":119,"column":null}},"47":{"start":{"line":121,"column":4},"end":{"line":134,"column":null}},"48":{"start":{"line":122,"column":6},"end":{"line":122,"column":null}},"49":{"start":{"line":123,"column":6},"end":{"line":123,"column":null}},"50":{"start":{"line":124,"column":6},"end":{"line":125,"column":null}},"51":{"start":{"line":125,"column":8},"end":{"line":125,"column":null}},"52":{"start":{"line":125,"column":27},"end":{"line":125,"column":52}},"53":{"start":{"line":127,"column":6},"end":{"line":127,"column":null}},"54":{"start":{"line":128,"column":6},"end":{"line":128,"column":null}},"55":{"start":{"line":129,"column":6},"end":{"line":129,"column":null}},"56":{"start":{"line":131,"column":6},"end":{"line":131,"column":null}},"57":{"start":{"line":133,"column":6},"end":{"line":133,"column":null}},"58":{"start":{"line":137,"column":23},"end":{"line":139,"column":null}},"59":{"start":{"line":138,"column":4},"end":{"line":138,"column":null}},"60":{"start":{"line":157,"column":29},"end":{"line":157,"column":null}},"61":{"start":{"line":190,"column":20},"end":{"line":190,"column":null}},"62":{"start":{"line":191,"column":20},"end":{"line":191,"column":null}},"63":{"start":{"line":194,"column":20},"end":{"line":194,"column":null}},"64":{"start":{"line":195,"column":20},"end":{"line":195,"column":null}},"65":{"start":{"line":209,"column":12},"end":{"line":211,"column":null}},"66":{"start":{"line":214,"column":12},"end":{"line":214,"column":null}},"67":{"start":{"line":215,"column":12},"end":{"line":215,"column":null}},"68":{"start":{"line":226,"column":12},"end":{"line":226,"column":null}},"69":{"start":{"line":227,"column":12},"end":{"line":227,"column":null}},"70":{"start":{"line":235,"column":25},"end":{"line":235,"column":null}},"71":{"start":{"line":235,"column":45},"end":{"line":235,"column":null}}},"fnMap":{"0":{"name":"App","decl":{"start":{"line":50,"column":24},"end":{"line":50,"column":null}},"loc":{"start":{"line":50,"column":24},"end":{"line":245,"column":null}},"line":50},"1":{"name":"(anonymous_1)","decl":{"start":{"line":70,"column":12},"end":{"line":70,"column":null}},"loc":{"start":{"line":70,"column":12},"end":{"line":72,"column":5}},"line":70},"2":{"name":"(anonymous_2)","decl":{"start":{"line":74,"column":21},"end":{"line":74,"column":null}},"loc":{"start":{"line":74,"column":21},"end":{"line":85,"column":null}},"line":74},"3":{"name":"(anonymous_3)","decl":{"start":{"line":87,"column":28},"end":{"line":87,"column":35}},"loc":{"start":{"line":87,"column":35},"end":{"line":99,"column":null}},"line":87},"4":{"name":"(anonymous_4)","decl":{"start":{"line":91,"column":16},"end":{"line":91,"column":17}},"loc":{"start":{"line":91,"column":26},"end":{"line":91,"column":null}},"line":91},"5":{"name":"(anonymous_5)","decl":{"start":{"line":101,"column":28},"end":{"line":101,"column":35}},"loc":{"start":{"line":101,"column":35},"end":{"line":116,"column":null}},"line":101},"6":{"name":"(anonymous_6)","decl":{"start":{"line":105,"column":16},"end":{"line":105,"column":17}},"loc":{"start":{"line":106,"column":8},"end":{"line":106,"column":null}},"line":106},"7":{"name":"(anonymous_7)","decl":{"start":{"line":106,"column":17},"end":{"line":106,"column":18}},"loc":{"start":{"line":106,"column":25},"end":{"line":106,"column":null}},"line":106},"8":{"name":"(anonymous_8)","decl":{"start":{"line":118,"column":28},"end":{"line":118,"column":null}},"loc":{"start":{"line":118,"column":28},"end":{"line":135,"column":null}},"line":118},"9":{"name":"(anonymous_9)","decl":{"start":{"line":124,"column":16},"end":{"line":124,"column":17}},"loc":{"start":{"line":125,"column":8},"end":{"line":125,"column":null}},"line":125},"10":{"name":"(anonymous_10)","decl":{"start":{"line":125,"column":20},"end":{"line":125,"column":21}},"loc":{"start":{"line":125,"column":27},"end":{"line":125,"column":52}},"line":125},"11":{"name":"(anonymous_11)","decl":{"start":{"line":137,"column":23},"end":{"line":137,"column":24}},"loc":{"start":{"line":137,"column":33},"end":{"line":139,"column":null}},"line":137},"12":{"name":"(anonymous_12)","decl":{"start":{"line":157,"column":23},"end":{"line":157,"column":29}},"loc":{"start":{"line":157,"column":29},"end":{"line":157,"column":null}},"line":157},"13":{"name":"(anonymous_13)","decl":{"start":{"line":189,"column":26},"end":{"line":189,"column":27}},"loc":{"start":{"line":189,"column":27},"end":{"line":192,"column":null}},"line":189},"14":{"name":"(anonymous_14)","decl":{"start":{"line":193,"column":28},"end":{"line":193,"column":29}},"loc":{"start":{"line":193,"column":29},"end":{"line":196,"column":null}},"line":193},"15":{"name":"(anonymous_15)","decl":{"start":{"line":208,"column":20},"end":{"line":208,"column":21}},"loc":{"start":{"line":209,"column":12},"end":{"line":211,"column":null}},"line":209},"16":{"name":"(anonymous_16)","decl":{"start":{"line":213,"column":20},"end":{"line":213,"column":null}},"loc":{"start":{"line":213,"column":20},"end":{"line":216,"column":null}},"line":213},"17":{"name":"(anonymous_17)","decl":{"start":{"line":225,"column":20},"end":{"line":225,"column":null}},"loc":{"start":{"line":225,"column":20},"end":{"line":228,"column":null}},"line":225},"18":{"name":"(anonymous_18)","decl":{"start":{"line":235,"column":19},"end":{"line":235,"column":25}},"loc":{"start":{"line":235,"column":25},"end":{"line":235,"column":null}},"line":235},"19":{"name":"(anonymous_19)","decl":{"start":{"line":235,"column":37},"end":{"line":235,"column":38}},"loc":{"start":{"line":235,"column":45},"end":{"line":235,"column":null}},"line":235}},"branchMap":{"0":{"loc":{"start":{"line":106,"column":25},"end":{"line":106,"column":null}},"type":"cond-expr","locations":[{"start":{"line":106,"column":45},"end":{"line":106,"column":55}},{"start":{"line":106,"column":55},"end":{"line":106,"column":null}}],"line":106},"1":{"loc":{"start":{"line":119,"column":4},"end":{"line":119,"column":null}},"type":"if","locations":[{"start":{"line":119,"column":4},"end":{"line":119,"column":null}},{"start":{},"end":{}}],"line":119},"2":{"loc":{"start":{"line":209,"column":12},"end":{"line":211,"column":null}},"type":"cond-expr","locations":[{"start":{"line":210,"column":16},"end":{"line":210,"column":null}},{"start":{"line":211,"column":16},"end":{"line":211,"column":null}}],"line":209},"3":{"loc":{"start":{"line":222,"column":21},"end":{"line":222,"column":null}},"type":"binary-expr","locations":[{"start":{"line":222,"column":21},"end":{"line":222,"column":44}},{"start":{"line":222,"column":44},"end":{"line":222,"column":null}}],"line":222}},"s":{"0":1,"1":1,"2":2,"3":2,"4":2,"5":2,"6":2,"7":2,"8":2,"9":2,"10":2,"11":2,"12":2,"13":1,"14":2,"15":1,"16":1,"17":1,"18":1,"19":1,"20":0,"21":1,"22":2,"23":0,"24":0,"25":0,"26":0,"27":0,"28":0,"29":0,"30":0,"31":0,"32":2,"33":0,"34":0,"35":0,"36":0,"37":0,"38":0,"39":0,"40":0,"41":0,"42":0,"43":0,"44":2,"45":0,"46":0,"47":0,"48":0,"49":0,"50":0,"51":0,"52":0,"53":0,"54":0,"55":0,"56":0,"57":0,"58":2,"59":0,"60":0,"61":0,"62":0,"63":0,"64":0,"65":0,"66":0,"67":0,"68":0,"69":0,"70":0,"71":0},"f":{"0":2,"1":1,"2":1,"3":0,"4":0,"5":0,"6":0,"7":0,"8":0,"9":0,"10":0,"11":0,"12":0,"13":0,"14":0,"15":0,"16":0,"17":0,"18":0,"19":0},"b":{"0":[0,0],"1":[0,0],"2":[0,0],"3":[2,2]},"meta":{"lastBranch":4,"lastFunction":20,"lastStatement":72,"seen":{"s:26:0:35:Infinity":0,"s:39:6:48:Infinity":1,"f:50:24:50:Infinity":0,"s:51:27:51:Infinity":2,"s:52:29:52:Infinity":3,"s:53:25:53:Infinity":4,"s:55:31:55:Infinity":5,"s:56:37:56:Infinity":6,"s:58:47:58:Infinity":7,"s:59:41:59:Infinity":8,"s:61:39:61:Infinity":9,"s:62:41:62:Infinity":10,"s:64:31:68:Infinity":11,"s:70:2:72:Infinity":12,"f:70:12:70:Infinity":1,"s:71:4:71:Infinity":13,"s:74:21:85:Infinity":14,"f:74:21:74:Infinity":2,"s:75:4:84:Infinity":15,"s:76:6:76:Infinity":16,"s:77:6:77:Infinity":17,"s:78:19:78:Infinity":18,"s:79:6:79:Infinity":19,"s:81:6:81:Infinity":20,"s:83:6:83:Infinity":21,"s:87:28:99:Infinity":22,"f:87:28:87:35":3,"s:88:4:98:Infinity":23,"s:89:6:89:Infinity":24,"s:90:23:90:Infinity":25,"s:91:6:91:Infinity":26,"f:91:16:91:17":4,"s:91:26:91:Infinity":27,"s:92:6:92:Infinity":28,"s:93:6:93:Infinity":29,"s:95:6:95:Infinity":30,"s:97:6:97:Infinity":31,"s:101:28:116:Infinity":32,"f:101:28:101:35":5,"s:102:4:115:Infinity":33,"s:103:6:103:Infinity":34,"s:104:22:104:Infinity":35,"s:105:6:106:Infinity":36,"f:105:16:105:17":6,"s:106:8:106:Infinity":37,"f:106:17:106:18":7,"s:106:25:106:Infinity":38,"b:106:45:106:55:106:55:106:Infinity":0,"s:108:6:108:Infinity":39,"s:109:6:109:Infinity":40,"s:110:6:110:Infinity":41,"s:112:6:112:Infinity":42,"s:114:6:114:Infinity":43,"s:118:28:135:Infinity":44,"f:118:28:118:Infinity":8,"b:119:4:119:Infinity:undefined:undefined:undefined:undefined":1,"s:119:4:119:Infinity":45,"s:119:24:119:Infinity":46,"s:121:4:134:Infinity":47,"s:122:6:122:Infinity":48,"s:123:6:123:Infinity":49,"s:124:6:125:Infinity":50,"f:124:16:124:17":9,"s:125:8:125:Infinity":51,"f:125:20:125:21":10,"s:125:27:125:52":52,"s:127:6:127:Infinity":53,"s:128:6:128:Infinity":54,"s:129:6:129:Infinity":55,"s:131:6:131:Infinity":56,"s:133:6:133:Infinity":57,"s:137:23:139:Infinity":58,"f:137:23:137:24":11,"s:138:4:138:Infinity":59,"f:157:23:157:29":12,"s:157:29:157:Infinity":60,"f:189:26:189:27":13,"s:190:20:190:Infinity":61,"s:191:20:191:Infinity":62,"f:193:28:193:29":14,"s:194:20:194:Infinity":63,"s:195:20:195:Infinity":64,"f:208:20:208:21":15,"s:209:12:211:Infinity":65,"b:210:16:210:Infinity:211:16:211:Infinity":2,"f:213:20:213:Infinity":16,"s:214:12:214:Infinity":66,"s:215:12:215:Infinity":67,"b:222:21:222:44:222:44:222:Infinity":3,"f:225:20:225:Infinity":17,"s:226:12:226:Infinity":68,"s:227:12:227:Infinity":69,"f:235:19:235:25":18,"s:235:25:235:Infinity":70,"f:235:37:235:38":19,"s:235:45:235:Infinity":71}}}
,"C:\\Users\\DZ Laptops\\solaire\\src\\components\\AssetForm.jsx": {"path":"C:\\Users\\DZ Laptops\\solaire\\src\\components\\AssetForm.jsx","statementMap":{"0":{"start":{"line":15,"column":31},"end":{"line":23,"column":null}},"1":{"start":{"line":25,"column":27},"end":{"line":25,"column":null}},"2":{"start":{"line":27,"column":2},"end":{"line":51,"column":null}},"3":{"start":{"line":28,"column":4},"end":{"line":49,"column":null}},"4":{"start":{"line":29,"column":6},"end":{"line":37,"column":null}},"5":{"start":{"line":39,"column":20},"end":{"line":39,"column":58}},"6":{"start":{"line":40,"column":6},"end":{"line":48,"column":null}},"7":{"start":{"line":50,"column":4},"end":{"line":50,"column":null}},"8":{"start":{"line":53,"column":19},"end":{"line":86,"column":null}},"9":{"start":{"line":54,"column":22},"end":{"line":54,"column":null}},"10":{"start":{"line":56,"column":4},"end":{"line":58,"column":null}},"11":{"start":{"line":57,"column":6},"end":{"line":57,"column":null}},"12":{"start":{"line":60,"column":4},"end":{"line":62,"column":null}},"13":{"start":{"line":61,"column":6},"end":{"line":61,"column":null}},"14":{"start":{"line":64,"column":4},"end":{"line":66,"column":null}},"15":{"start":{"line":65,"column":6},"end":{"line":65,"column":null}},"16":{"start":{"line":68,"column":4},"end":{"line":74,"column":null}},"17":{"start":{"line":73,"column":6},"end":{"line":73,"column":null}},"18":{"start":{"line":76,"column":4},"end":{"line":78,"column":null}},"19":{"start":{"line":77,"column":6},"end":{"line":77,"column":null}},"20":{"start":{"line":80,"column":4},"end":{"line":82,"column":null}},"21":{"start":{"line":81,"column":6},"end":{"line":81,"column":null}},"22":{"start":{"line":84,"column":4},"end":{"line":84,"column":null}},"23":{"start":{"line":85,"column":4},"end":{"line":85,"column":null}},"24":{"start":{"line":88,"column":23},"end":{"line":103,"column":null}},"25":{"start":{"line":89,"column":4},"end":{"line":89,"column":null}},"26":{"start":{"line":89,"column":21},"end":{"line":89,"column":null}},"27":{"start":{"line":91,"column":23},"end":{"line":100,"column":null}},"28":{"start":{"line":102,"column":4},"end":{"line":102,"column":null}},"29":{"start":{"line":105,"column":23},"end":{"line":110,"column":null}},"30":{"start":{"line":106,"column":4},"end":{"line":106,"column":null}},"31":{"start":{"line":106,"column":27},"end":{"line":106,"column":null}},"32":{"start":{"line":107,"column":4},"end":{"line":109,"column":null}},"33":{"start":{"line":108,"column":6},"end":{"line":108,"column":null}},"34":{"start":{"line":108,"column":27},"end":{"line":108,"column":null}},"35":{"start":{"line":122,"column":31},"end":{"line":122,"column":null}},"36":{"start":{"line":135,"column":31},"end":{"line":135,"column":null}},"37":{"start":{"line":147,"column":31},"end":{"line":147,"column":null}},"38":{"start":{"line":160,"column":31},"end":{"line":160,"column":null}},"39":{"start":{"line":175,"column":31},"end":{"line":175,"column":null}},"40":{"start":{"line":189,"column":31},"end":{"line":189,"column":null}},"41":{"start":{"line":202,"column":31},"end":{"line":202,"column":null}}},"fnMap":{"0":{"name":"AssetForm","decl":{"start":{"line":14,"column":24},"end":{"line":14,"column":34}},"loc":{"start":{"line":14,"column":78},"end":{"line":228,"column":null}},"line":14},"1":{"name":"(anonymous_1)","decl":{"start":{"line":27,"column":12},"end":{"line":27,"column":null}},"loc":{"start":{"line":27,"column":12},"end":{"line":51,"column":5}},"line":27},"2":{"name":"(anonymous_2)","decl":{"start":{"line":53,"column":19},"end":{"line":53,"column":null}},"loc":{"start":{"line":53,"column":19},"end":{"line":86,"column":null}},"line":53},"3":{"name":"(anonymous_3)","decl":{"start":{"line":88,"column":23},"end":{"line":88,"column":null}},"loc":{"start":{"line":88,"column":23},"end":{"line":103,"column":null}},"line":88},"4":{"name":"(anonymous_4)","decl":{"start":{"line":105,"column":23},"end":{"line":105,"column":24}},"loc":{"start":{"line":105,"column":31},"end":{"line":110,"column":null}},"line":105},"5":{"name":"(anonymous_5)","decl":{"start":{"line":106,"column":16},"end":{"line":106,"column":17}},"loc":{"start":{"line":106,"column":27},"end":{"line":106,"column":null}},"line":106},"6":{"name":"(anonymous_6)","decl":{"start":{"line":108,"column":16},"end":{"line":108,"column":17}},"loc":{"start":{"line":108,"column":27},"end":{"line":108,"column":null}},"line":108},"7":{"name":"(anonymous_7)","decl":{"start":{"line":122,"column":24},"end":{"line":122,"column":25}},"loc":{"start":{"line":122,"column":31},"end":{"line":122,"column":null}},"line":122},"8":{"name":"(anonymous_8)","decl":{"start":{"line":135,"column":24},"end":{"line":135,"column":25}},"loc":{"start":{"line":135,"column":31},"end":{"line":135,"column":null}},"line":135},"9":{"name":"(anonymous_9)","decl":{"start":{"line":147,"column":24},"end":{"line":147,"column":25}},"loc":{"start":{"line":147,"column":31},"end":{"line":147,"column":null}},"line":147},"10":{"name":"(anonymous_10)","decl":{"start":{"line":160,"column":24},"end":{"line":160,"column":25}},"loc":{"start":{"line":160,"column":31},"end":{"line":160,"column":null}},"line":160},"11":{"name":"(anonymous_11)","decl":{"start":{"line":175,"column":24},"end":{"line":175,"column":25}},"loc":{"start":{"line":175,"column":31},"end":{"line":175,"column":null}},"line":175},"12":{"name":"(anonymous_12)","decl":{"start":{"line":189,"column":24},"end":{"line":189,"column":25}},"loc":{"start":{"line":189,"column":31},"end":{"line":189,"column":null}},"line":189},"13":{"name":"(anonymous_13)","decl":{"start":{"line":202,"column":24},"end":{"line":202,"column":25}},"loc":{"start":{"line":202,"column":31},"end":{"line":202,"column":null}},"line":202}},"branchMap":{"0":{"loc":{"start":{"line":28,"column":4},"end":{"line":49,"column":null}},"type":"if","locations":[{"start":{"line":28,"column":4},"end":{"line":49,"column":null}},{"start":{"line":38,"column":11},"end":{"line":49,"column":null}}],"line":28},"1":{"loc":{"start":{"line":30,"column":14},"end":{"line":30,"column":null}},"type":"binary-expr","locations":[{"start":{"line":30,"column":14},"end":{"line":30,"column":24}},{"start":{"line":30,"column":28},"end":{"line":30,"column":null}}],"line":30},"2":{"loc":{"start":{"line":31,"column":18},"end":{"line":31,"column":null}},"type":"cond-expr","locations":[{"start":{"line":31,"column":43},"end":{"line":31,"column":68}},{"start":{"line":31,"column":68},"end":{"line":31,"column":null}}],"line":31},"3":{"loc":{"start":{"line":32,"column":18},"end":{"line":32,"column":null}},"type":"binary-expr","locations":[{"start":{"line":32,"column":18},"end":{"line":32,"column":32}},{"start":{"line":32,"column":36},"end":{"line":32,"column":null}}],"line":32},"4":{"loc":{"start":{"line":33,"column":16},"end":{"line":33,"column":null}},"type":"binary-expr","locations":[{"start":{"line":33,"column":16},"end":{"line":33,"column":28}},{"start":{"line":33,"column":32},"end":{"line":33,"column":null}}],"line":33},"5":{"loc":{"start":{"line":34,"column":21},"end":{"line":34,"column":null}},"type":"binary-expr","locations":[{"start":{"line":34,"column":21},"end":{"line":34,"column":38}},{"start":{"line":34,"column":42},"end":{"line":34,"column":null}}],"line":34},"6":{"loc":{"start":{"line":35,"column":20},"end":{"line":35,"column":null}},"type":"cond-expr","locations":[{"start":{"line":35,"column":47},"end":{"line":35,"column":74}},{"start":{"line":35,"column":74},"end":{"line":35,"column":null}}],"line":35},"7":{"loc":{"start":{"line":36,"column":25},"end":{"line":36,"column":null}},"type":"binary-expr","locations":[{"start":{"line":36,"column":25},"end":{"line":36,"column":46}},{"start":{"line":36,"column":50},"end":{"line":36,"column":null}}],"line":36},"8":{"loc":{"start":{"line":56,"column":4},"end":{"line":58,"column":null}},"type":"if","locations":[{"start":{"line":56,"column":4},"end":{"line":58,"column":null}},{"start":{},"end":{}}],"line":56},"9":{"loc":{"start":{"line":60,"column":4},"end":{"line":62,"column":null}},"type":"if","locations":[{"start":{"line":60,"column":4},"end":{"line":62,"column":null}},{"start":{},"end":{}}],"line":60},"10":{"loc":{"start":{"line":60,"column":8},"end":{"line":60,"column":62}},"type":"binary-expr","locations":[{"start":{"line":60,"column":8},"end":{"line":60,"column":26}},{"start":{"line":60,"column":30},"end":{"line":60,"column":62}}],"line":60},"11":{"loc":{"start":{"line":64,"column":4},"end":{"line":66,"column":null}},"type":"if","locations":[{"start":{"line":64,"column":4},"end":{"line":66,"column":null}},{"start":{},"end":{}}],"line":64},"12":{"loc":{"start":{"line":68,"column":4},"end":{"line":74,"column":null}},"type":"if","locations":[{"start":{"line":68,"column":4},"end":{"line":74,"column":null}},{"start":{},"end":{}}],"line":68},"13":{"loc":{"start":{"line":69,"column":6},"end":{"line":71,"column":null}},"type":"binary-expr","locations":[{"start":{"line":69,"column":6},"end":{"line":69,"column":null}},{"start":{"line":70,"column":6},"end":{"line":70,"column":null}},{"start":{"line":71,"column":6},"end":{"line":71,"column":null}}],"line":69},"14":{"loc":{"start":{"line":76,"column":4},"end":{"line":78,"column":null}},"type":"if","locations":[{"start":{"line":76,"column":4},"end":{"line":78,"column":null}},{"start":{},"end":{}}],"line":76},"15":{"loc":{"start":{"line":80,"column":4},"end":{"line":82,"column":null}},"type":"if","locations":[{"start":{"line":80,"column":4},"end":{"line":82,"column":null}},{"start":{},"end":{}}],"line":80},"16":{"loc":{"start":{"line":89,"column":4},"end":{"line":89,"column":null}},"type":"if","locations":[{"start":{"line":89,"column":4},"end":{"line":89,"column":null}},{"start":{},"end":{}}],"line":89},"17":{"loc":{"start":{"line":92,"column":10},"end":{"line":92,"column":39}},"type":"cond-expr","locations":[{"start":{"line":92,"column":18},"end":{"line":92,"column":37}},{"start":{"line":92,"column":37},"end":{"line":92,"column":39}}],"line":92},"18":{"loc":{"start":{"line":107,"column":4},"end":{"line":109,"column":null}},"type":"if","locations":[{"start":{"line":107,"column":4},"end":{"line":109,"column":null}},{"start":{},"end":{}}],"line":107},"19":{"loc":{"start":{"line":113,"column":33},"end":{"line":113,"column":65}},"type":"cond-expr","locations":[{"start":{"line":113,"column":43},"end":{"line":113,"column":55}},{"start":{"line":113,"column":55},"end":{"line":113,"column":65}}],"line":113},"20":{"loc":{"start":{"line":114,"column":20},"end":{"line":114,"column":null}},"type":"cond-expr","locations":[{"start":{"line":114,"column":28},"end":{"line":114,"column":49}},{"start":{"line":114,"column":49},"end":{"line":114,"column":null}}],"line":114},"21":{"loc":{"start":{"line":221,"column":21},"end":{"line":221,"column":null}},"type":"cond-expr","locations":[{"start":{"line":221,"column":21},"end":{"line":221,"column":null}},{"start":{"line":221,"column":64},"end":{"line":221,"column":null}}],"line":221},"22":{"loc":{"start":{"line":223,"column":11},"end":{"line":223,"column":null}},"type":"cond-expr","locations":[{"start":{"line":223,"column":21},"end":{"line":223,"column":35}},{"start":{"line":223,"column":35},"end":{"line":223,"column":null}}],"line":223},"23":{"loc":{"start":{"line":223,"column":35},"end":{"line":223,"column":null}},"type":"cond-expr","locations":[{"start":{"line":223,"column":43},"end":{"line":223,"column":54}},{"start":{"line":223,"column":54},"end":{"line":223,"column":null}}],"line":223}},"s":{"0":3,"1":3,"2":3,"3":1,"4":0,"5":1,"6":1,"7":1,"8":3,"9":0,"10":0,"11":0,"12":0,"13":0,"14":0,"15":0,"16":0,"17":0,"18":0,"19":0,"20":0,"21":0,"22":0,"23":0,"24":3,"25":0,"26":0,"27":0,"28":0,"29":3,"30":0,"31":0,"32":0,"33":0,"34":0,"35":0,"36":0,"37":0,"38":0,"39":0,"40":0,"41":0},"f":{"0":3,"1":1,"2":0,"3":0,"4":0,"5":0,"6":0,"7":0,"8":0,"9":0,"10":0,"11":0,"12":0,"13":0},"b":{"0":[0,1],"1":[0,0],"2":[0,0],"3":[0,0],"4":[0,0],"5":[0,0],"6":[0,0],"7":[0,0],"8":[0,0],"9":[0,0],"10":[0,0],"11":[0,0],"12":[0,0],"13":[0,0,0],"14":[0,0],"15":[0,0],"16":[0,0],"17":[0,0],"18":[0,0],"19":[0,3],"20":[0,3],"21":[0,3],"22":[0,3],"23":[0,3]},"meta":{"lastBranch":24,"lastFunction":14,"lastStatement":42,"seen":{"f:14:24:14:34":0,"s:15:31:23:Infinity":0,"s:25:27:25:Infinity":1,"s:27:2:51:Infinity":2,"f:27:12:27:Infinity":1,"b:28:4:49:Infinity:38:11:49:Infinity":0,"s:28:4:49:Infinity":3,"s:29:6:37:Infinity":4,"b:30:14:30:24:30:28:30:Infinity":1,"b:31:43:31:68:31:68:31:Infinity":2,"b:32:18:32:32:32:36:32:Infinity":3,"b:33:16:33:28:33:32:33:Infinity":4,"b:34:21:34:38:34:42:34:Infinity":5,"b:35:47:35:74:35:74:35:Infinity":6,"b:36:25:36:46:36:50:36:Infinity":7,"s:39:20:39:58":5,"s:40:6:48:Infinity":6,"s:50:4:50:Infinity":7,"s:53:19:86:Infinity":8,"f:53:19:53:Infinity":2,"s:54:22:54:Infinity":9,"b:56:4:58:Infinity:undefined:undefined:undefined:undefined":8,"s:56:4:58:Infinity":10,"s:57:6:57:Infinity":11,"b:60:4:62:Infinity:undefined:undefined:undefined:undefined":9,"s:60:4:62:Infinity":12,"b:60:8:60:26:60:30:60:62":10,"s:61:6:61:Infinity":13,"b:64:4:66:Infinity:undefined:undefined:undefined:undefined":11,"s:64:4:66:Infinity":14,"s:65:6:65:Infinity":15,"b:68:4:74:Infinity:undefined:undefined:undefined:undefined":12,"s:68:4:74:Infinity":16,"b:69:6:69:Infinity:70:6:70:Infinity:71:6:71:Infinity":13,"s:73:6:73:Infinity":17,"b:76:4:78:Infinity:undefined:undefined:undefined:undefined":14,"s:76:4:78:Infinity":18,"s:77:6:77:Infinity":19,"b:80:4:82:Infinity:undefined:undefined:undefined:undefined":15,"s:80:4:82:Infinity":20,"s:81:6:81:Infinity":21,"s:84:4:84:Infinity":22,"s:85:4:85:Infinity":23,"s:88:23:103:Infinity":24,"f:88:23:88:Infinity":3,"b:89:4:89:Infinity:undefined:undefined:undefined:undefined":16,"s:89:4:89:Infinity":25,"s:89:21:89:Infinity":26,"s:91:23:100:Infinity":27,"b:92:18:92:37:92:37:92:39":17,"s:102:4:102:Infinity":28,"s:105:23:110:Infinity":29,"f:105:23:105:24":4,"s:106:4:106:Infinity":30,"f:106:16:106:17":5,"s:106:27:106:Infinity":31,"b:107:4:109:Infinity:undefined:undefined:undefined:undefined":18,"s:107:4:109:Infinity":32,"s:108:6:108:Infinity":33,"f:108:16:108:17":6,"s:108:27:108:Infinity":34,"b:113:43:113:55:113:55:113:65":19,"b:114:28:114:49:114:49:114:Infinity":20,"f:122:24:122:25":7,"s:122:31:122:Infinity":35,"f:135:24:135:25":8,"s:135:31:135:Infinity":36,"f:147:24:147:25":9,"s:147:31:147:Infinity":37,"f:160:24:160:25":10,"s:160:31:160:Infinity":38,"f:175:24:175:25":11,"s:175:31:175:Infinity":39,"f:189:24:189:25":12,"s:189:31:189:Infinity":40,"f:202:24:202:25":13,"s:202:31:202:Infinity":41,"b:221:21:221:Infinity:221:64:221:Infinity":21,"b:223:21:223:35:223:35:223:Infinity":22,"b:223:43:223:54:223:54:223:Infinity":23}}}
,"C:\\Users\\DZ Laptops\\solaire\\src\\components\\Dashboard.jsx": {"path":"C:\\Users\\DZ Laptops\\solaire\\src\\components\\Dashboard.jsx","statementMap":{"0":{"start":{"line":5,"column":23},"end":{"line":5,"column":73}},"1":{"start":{"line":5,"column":44},"end":{"line":5,"column":67}},"2":{"start":{"line":6,"column":24},"end":{"line":6,"column":null}},"3":{"start":{"line":6,"column":50},"end":{"line":6,"column":66}},"4":{"start":{"line":7,"column":28},"end":{"line":7,"column":83}},"5":{"start":{"line":7,"column":49},"end":{"line":7,"column":77}},"6":{"start":{"line":9,"column":16},"end":{"line":34,"column":null}},"7":{"start":{"line":39,"column":21},"end":{"line":39,"column":30}}},"fnMap":{"0":{"name":"Dashboard","decl":{"start":{"line":4,"column":24},"end":{"line":4,"column":34}},"loc":{"start":{"line":4,"column":44},"end":{"line":65,"column":null}},"line":4},"1":{"name":"(anonymous_1)","decl":{"start":{"line":5,"column":37},"end":{"line":5,"column":38}},"loc":{"start":{"line":5,"column":44},"end":{"line":5,"column":67}},"line":5},"2":{"name":"(anonymous_2)","decl":{"start":{"line":6,"column":38},"end":{"line":6,"column":39}},"loc":{"start":{"line":6,"column":50},"end":{"line":6,"column":66}},"line":6},"3":{"name":"(anonymous_3)","decl":{"start":{"line":7,"column":42},"end":{"line":7,"column":43}},"loc":{"start":{"line":7,"column":49},"end":{"line":7,"column":77}},"line":7},"4":{"name":"(anonymous_4)","decl":{"start":{"line":38,"column":17},"end":{"line":38,"column":18}},"loc":{"start":{"line":38,"column":18},"end":{"line":62,"column":null}},"line":38}},"branchMap":{},"s":{"0":1,"1":2,"2":1,"3":2,"4":1,"5":2,"6":1,"7":4},"f":{"0":1,"1":2,"2":2,"3":2,"4":4},"b":{},"meta":{"lastBranch":0,"lastFunction":5,"lastStatement":8,"seen":{"f:4:24:4:34":0,"s:5:23:5:73":0,"f:5:37:5:38":1,"s:5:44:5:67":1,"s:6:24:6:Infinity":2,"f:6:38:6:39":2,"s:6:50:6:66":3,"s:7:28:7:83":4,"f:7:42:7:43":3,"s:7:49:7:77":5,"s:9:16:34:Infinity":6,"f:38:17:38:18":4,"s:39:21:39:30":7}}}
,"C:\\Users\\DZ Laptops\\solaire\\src\\components\\DeleteConfirmation.jsx": {"path":"C:\\Users\\DZ Laptops\\solaire\\src\\components\\DeleteConfirmation.jsx","statementMap":{},"fnMap":{"0":{"name":"DeleteConfirmation","decl":{"start":{"line":13,"column":24},"end":{"line":13,"column":43}},"loc":{"start":{"line":13,"column":92},"end":{"line":42,"column":null}},"line":13}},"branchMap":{"0":{"loc":{"start":{"line":15,"column":33},"end":{"line":15,"column":null}},"type":"cond-expr","locations":[{"start":{"line":15,"column":43},"end":{"line":15,"column":55}},{"start":{"line":15,"column":55},"end":{"line":15,"column":null}}],"line":15},"1":{"loc":{"start":{"line":35,"column":21},"end":{"line":35,"column":null}},"type":"cond-expr","locations":[{"start":{"line":35,"column":21},"end":{"line":35,"column":null}},{"start":{"line":35,"column":64},"end":{"line":35,"column":null}}],"line":35},"2":{"loc":{"start":{"line":37,"column":11},"end":{"line":37,"column":null}},"type":"cond-expr","locations":[{"start":{"line":37,"column":21},"end":{"line":37,"column":37}},{"start":{"line":37,"column":37},"end":{"line":37,"column":null}}],"line":37}},"s":{},"f":{"0":2},"b":{"0":[0,2],"1":[0,2],"2":[0,2]},"meta":{"lastBranch":3,"lastFunction":1,"lastStatement":0,"seen":{"f:13:24:13:43":0,"b:15:43:15:55:15:55:15:Infinity":0,"b:35:21:35:Infinity:35:64:35:Infinity":1,"b:37:21:37:37:37:37:37:Infinity":2}}}
,"C:\\Users\\DZ Laptops\\solaire\\src\\components\\ErrorAlert.jsx": {"path":"C:\\Users\\DZ Laptops\\solaire\\src\\components\\ErrorAlert.jsx","statementMap":{},"fnMap":{"0":{"name":"ErrorAlert","decl":{"start":{"line":5,"column":24},"end":{"line":5,"column":35}},"loc":{"start":{"line":5,"column":55},"end":{"line":25,"column":null}},"line":5}},"branchMap":{},"s":{},"f":{"0":0},"b":{},"meta":{"lastBranch":0,"lastFunction":1,"lastStatement":0,"seen":{"f:5:24:5:35":0}}}
,"C:\\Users\\DZ Laptops\\solaire\\src\\components\\LoadingIndicator.jsx": {"path":"C:\\Users\\DZ Laptops\\solaire\\src\\components\\LoadingIndicator.jsx","statementMap":{},"fnMap":{"0":{"name":"LoadingIndicator","decl":{"start":{"line":3,"column":24},"end":{"line":3,"column":41}},"loc":{"start":{"line":3,"column":67},"end":{"line":19,"column":null}},"line":3}},"branchMap":{"0":{"loc":{"start":{"line":3,"column":43},"end":{"line":3,"column":65}},"type":"default-arg","locations":[{"start":{"line":3,"column":53},"end":{"line":3,"column":65}}],"line":3}},"s":{},"f":{"0":1},"b":{"0":[1]},"meta":{"lastBranch":1,"lastFunction":1,"lastStatement":0,"seen":{"f:3:24:3:41":0,"b:3:53:3:65":0}}}
,"C:\\Users\\DZ Laptops\\solaire\\src\\components\\SolarArrayTable.jsx": {"path":"C:\\Users\\DZ Laptops\\solaire\\src\\components\\SolarArrayTable.jsx","statementMap":{"0":{"start":{"line":23,"column":23},"end":{"line":23,"column":null}},"1":{"start":{"line":24,"column":37},"end":{"line":24,"column":null}},"2":{"start":{"line":25,"column":33},"end":{"line":25,"column":null}},"3":{"start":{"line":26,"column":41},"end":{"line":26,"column":null}},"4":{"start":{"line":27,"column":29},"end":{"line":30,"column":null}},"5":{"start":{"line":33,"column":25},"end":{"line":50,"column":null}},"6":{"start":{"line":35,"column":4},"end":{"line":37,"column":null}},"7":{"start":{"line":36,"column":6},"end":{"line":36,"column":null}},"8":{"start":{"line":40,"column":4},"end":{"line":47,"column":null}},"9":{"start":{"line":41,"column":20},"end":{"line":41,"column":null}},"10":{"start":{"line":42,"column":6},"end":{"line":45,"column":null}},"11":{"start":{"line":49,"column":4},"end":{"line":49,"column":null}},"12":{"start":{"line":53,"column":23},"end":{"line":65,"column":null}},"13":{"start":{"line":54,"column":19},"end":{"line":54,"column":31}},"14":{"start":{"line":55,"column":19},"end":{"line":55,"column":31}},"15":{"start":{"line":57,"column":21},"end":{"line":57,"column":null}},"16":{"start":{"line":58,"column":4},"end":{"line":62,"column":null}},"17":{"start":{"line":59,"column":6},"end":{"line":59,"column":null}},"18":{"start":{"line":60,"column":11},"end":{"line":62,"column":null}},"19":{"start":{"line":61,"column":6},"end":{"line":61,"column":null}},"20":{"start":{"line":64,"column":4},"end":{"line":64,"column":null}},"21":{"start":{"line":68,"column":26},"end":{"line":68,"column":null}},"22":{"start":{"line":70,"column":21},"end":{"line":74,"column":null}},"23":{"start":{"line":71,"column":18},"end":{"line":71,"column":null}},"24":{"start":{"line":72,"column":4},"end":{"line":72,"column":null}},"25":{"start":{"line":73,"column":4},"end":{"line":73,"column":null}},"26":{"start":{"line":76,"column":27},"end":{"line":78,"column":null}},"27":{"start":{"line":77,"column":4},"end":{"line":77,"column":null}},"28":{"start":{"line":80,"column":34},"end":{"line":83,"column":null}},"29":{"start":{"line":81,"column":4},"end":{"line":81,"column":null}},"30":{"start":{"line":82,"column":4},"end":{"line":82,"column":null}},"31":{"start":{"line":85,"column":25},"end":{"line":96,"column":null}},"32":{"start":{"line":86,"column":4},"end":{"line":95,"column":null}},"33":{"start":{"line":88,"column":8},"end":{"line":88,"column":null}},"34":{"start":{"line":90,"column":8},"end":{"line":90,"column":null}},"35":{"start":{"line":92,"column":8},"end":{"line":92,"column":null}},"36":{"start":{"line":94,"column":8},"end":{"line":94,"column":null}},"37":{"start":{"line":106,"column":12},"end":{"line":106,"column":null}},"38":{"start":{"line":106,"column":34},"end":{"line":106,"column":null}},"39":{"start":{"line":107,"column":12},"end":{"line":107,"column":null}},"40":{"start":{"line":123,"column":12},"end":{"line":123,"column":null}},"41":{"start":{"line":123,"column":34},"end":{"line":123,"column":null}},"42":{"start":{"line":124,"column":12},"end":{"line":124,"column":null}},"43":{"start":{"line":144,"column":33},"end":{"line":144,"column":null}},"44":{"start":{"line":153,"column":33},"end":{"line":153,"column":null}},"45":{"start":{"line":162,"column":33},"end":{"line":162,"column":null}},"46":{"start":{"line":171,"column":33},"end":{"line":171,"column":null}},"47":{"start":{"line":180,"column":33},"end":{"line":180,"column":null}},"48":{"start":{"line":189,"column":33},"end":{"line":189,"column":null}},"49":{"start":{"line":198,"column":33},"end":{"line":198,"column":null}},"50":{"start":{"line":229,"column":62},"end":{"line":229,"column":77}},"51":{"start":{"line":234,"column":62},"end":{"line":234,"column":79}}},"fnMap":{"0":{"name":"SolarArrayTable","decl":{"start":{"line":22,"column":24},"end":{"line":22,"column":40}},"loc":{"start":{"line":22,"column":68},"end":{"line":258,"column":null}},"line":22},"1":{"name":"(anonymous_1)","decl":{"start":{"line":33,"column":39},"end":{"line":33,"column":40}},"loc":{"start":{"line":33,"column":40},"end":{"line":50,"column":null}},"line":33},"2":{"name":"(anonymous_2)","decl":{"start":{"line":53,"column":48},"end":{"line":53,"column":49}},"loc":{"start":{"line":53,"column":52},"end":{"line":65,"column":null}},"line":53},"3":{"name":"(anonymous_3)","decl":{"start":{"line":70,"column":21},"end":{"line":70,"column":22}},"loc":{"start":{"line":70,"column":22},"end":{"line":74,"column":null}},"line":70},"4":{"name":"(anonymous_4)","decl":{"start":{"line":76,"column":27},"end":{"line":76,"column":28}},"loc":{"start":{"line":76,"column":36},"end":{"line":78,"column":null}},"line":76},"5":{"name":"(anonymous_5)","decl":{"start":{"line":80,"column":34},"end":{"line":80,"column":35}},"loc":{"start":{"line":80,"column":35},"end":{"line":83,"column":null}},"line":80},"6":{"name":"(anonymous_6)","decl":{"start":{"line":85,"column":25},"end":{"line":85,"column":26}},"loc":{"start":{"line":85,"column":26},"end":{"line":96,"column":null}},"line":85},"7":{"name":"(anonymous_7)","decl":{"start":{"line":105,"column":20},"end":{"line":105,"column":21}},"loc":{"start":{"line":105,"column":21},"end":{"line":108,"column":null}},"line":105},"8":{"name":"(anonymous_8)","decl":{"start":{"line":106,"column":23},"end":{"line":106,"column":24}},"loc":{"start":{"line":106,"column":34},"end":{"line":106,"column":null}},"line":106},"9":{"name":"(anonymous_9)","decl":{"start":{"line":122,"column":20},"end":{"line":122,"column":21}},"loc":{"start":{"line":122,"column":21},"end":{"line":125,"column":null}},"line":122},"10":{"name":"(anonymous_10)","decl":{"start":{"line":123,"column":23},"end":{"line":123,"column":24}},"loc":{"start":{"line":123,"column":34},"end":{"line":123,"column":null}},"line":123},"11":{"name":"(anonymous_11)","decl":{"start":{"line":144,"column":27},"end":{"line":144,"column":33}},"loc":{"start":{"line":144,"column":33},"end":{"line":144,"column":null}},"line":144},"12":{"name":"(anonymous_12)","decl":{"start":{"line":153,"column":27},"end":{"line":153,"column":33}},"loc":{"start":{"line":153,"column":33},"end":{"line":153,"column":null}},"line":153},"13":{"name":"(anonymous_13)","decl":{"start":{"line":162,"column":27},"end":{"line":162,"column":33}},"loc":{"start":{"line":162,"column":33},"end":{"line":162,"column":null}},"line":162},"14":{"name":"(anonymous_14)","decl":{"start":{"line":171,"column":27},"end":{"line":171,"column":33}},"loc":{"start":{"line":171,"column":33},"end":{"line":171,"column":null}},"line":171},"15":{"name":"(anonymous_15)","decl":{"start":{"line":180,"column":27},"end":{"line":180,"column":33}},"loc":{"start":{"line":180,"column":33},"end":{"line":180,"column":null}},"line":180},"16":{"name":"(anonymous_16)","decl":{"start":{"line":189,"column":27},"end":{"line":189,"column":33}},"loc":{"start":{"line":189,"column":33},"end":{"line":189,"column":null}},"line":189},"17":{"name":"(anonymous_17)","decl":{"start":{"line":198,"column":27},"end":{"line":198,"column":33}},"loc":{"start":{"line":198,"column":33},"end":{"line":198,"column":null}},"line":198},"18":{"name":"(anonymous_18)","decl":{"start":{"line":229,"column":56},"end":{"line":229,"column":62}},"loc":{"start":{"line":229,"column":62},"end":{"line":229,"column":77}},"line":229},"19":{"name":"(anonymous_19)","decl":{"start":{"line":234,"column":56},"end":{"line":234,"column":62}},"loc":{"start":{"line":234,"column":62},"end":{"line":234,"column":79}},"line":234}},"branchMap":{"0":{"loc":{"start":{"line":35,"column":4},"end":{"line":37,"column":null}},"type":"if","locations":[{"start":{"line":35,"column":4},"end":{"line":37,"column":null}},{"start":{},"end":{}}],"line":35},"1":{"loc":{"start":{"line":35,"column":8},"end":{"line":35,"column":85}},"type":"binary-expr","locations":[{"start":{"line":35,"column":8},"end":{"line":35,"column":22}},{"start":{"line":35,"column":26},"end":{"line":35,"column":54}},{"start":{"line":35,"column":54},"end":{"line":35,"column":85}}],"line":35},"2":{"loc":{"start":{"line":40,"column":4},"end":{"line":47,"column":null}},"type":"if","locations":[{"start":{"line":40,"column":4},"end":{"line":47,"column":null}},{"start":{},"end":{}}],"line":40},"3":{"loc":{"start":{"line":43,"column":8},"end":{"line":45,"column":null}},"type":"binary-expr","locations":[{"start":{"line":43,"column":8},"end":{"line":43,"column":null}},{"start":{"line":44,"column":8},"end":{"line":44,"column":null}},{"start":{"line":45,"column":8},"end":{"line":45,"column":null}}],"line":43},"4":{"loc":{"start":{"line":58,"column":4},"end":{"line":62,"column":null}},"type":"if","locations":[{"start":{"line":58,"column":4},"end":{"line":62,"column":null}},{"start":{"line":60,"column":11},"end":{"line":62,"column":null}}],"line":58},"5":{"loc":{"start":{"line":58,"column":8},"end":{"line":58,"column":66}},"type":"binary-expr","locations":[{"start":{"line":58,"column":8},"end":{"line":58,"column":38}},{"start":{"line":58,"column":38},"end":{"line":58,"column":66}}],"line":58},"6":{"loc":{"start":{"line":60,"column":11},"end":{"line":62,"column":null}},"type":"if","locations":[{"start":{"line":60,"column":11},"end":{"line":62,"column":null}},{"start":{},"end":{}}],"line":60},"7":{"loc":{"start":{"line":60,"column":15},"end":{"line":60,"column":73}},"type":"binary-expr","locations":[{"start":{"line":60,"column":15},"end":{"line":60,"column":45}},{"start":{"line":60,"column":45},"end":{"line":60,"column":73}}],"line":60},"8":{"loc":{"start":{"line":64,"column":11},"end":{"line":64,"column":null}},"type":"cond-expr","locations":[{"start":{"line":64,"column":37},"end":{"line":64,"column":50}},{"start":{"line":64,"column":50},"end":{"line":64,"column":null}}],"line":64},"9":{"loc":{"start":{"line":71,"column":18},"end":{"line":71,"column":null}},"type":"binary-expr","locations":[{"start":{"line":71,"column":18},"end":{"line":71,"column":41}},{"start":{"line":71,"column":41},"end":{"line":71,"column":null}}],"line":71},"10":{"loc":{"start":{"line":72,"column":21},"end":{"line":72,"column":null}},"type":"cond-expr","locations":[{"start":{"line":72,"column":29},"end":{"line":72,"column":38}},{"start":{"line":72,"column":38},"end":{"line":72,"column":null}}],"line":72},"11":{"loc":{"start":{"line":86,"column":4},"end":{"line":95,"column":null}},"type":"switch","locations":[{"start":{"line":87,"column":6},"end":{"line":88,"column":null}},{"start":{"line":89,"column":6},"end":{"line":90,"column":null}},{"start":{"line":91,"column":6},"end":{"line":92,"column":null}},{"start":{"line":93,"column":6},"end":{"line":94,"column":null}}],"line":86},"12":{"loc":{"start":{"line":143,"column":29},"end":{"line":143,"column":null}},"type":"cond-expr","locations":[{"start":{"line":143,"column":50},"end":{"line":143,"column":66}},{"start":{"line":143,"column":66},"end":{"line":143,"column":null}}],"line":143},"13":{"loc":{"start":{"line":152,"column":29},"end":{"line":152,"column":null}},"type":"cond-expr","locations":[{"start":{"line":152,"column":52},"end":{"line":152,"column":68}},{"start":{"line":152,"column":68},"end":{"line":152,"column":null}}],"line":152},"14":{"loc":{"start":{"line":161,"column":29},"end":{"line":161,"column":null}},"type":"cond-expr","locations":[{"start":{"line":161,"column":56},"end":{"line":161,"column":72}},{"start":{"line":161,"column":72},"end":{"line":161,"column":null}}],"line":161},"15":{"loc":{"start":{"line":170,"column":29},"end":{"line":170,"column":null}},"type":"cond-expr","locations":[{"start":{"line":170,"column":56},"end":{"line":170,"column":72}},{"start":{"line":170,"column":72},"end":{"line":170,"column":null}}],"line":170},"16":{"loc":{"start":{"line":179,"column":29},"end":{"line":179,"column":null}},"type":"cond-expr","locations":[{"start":{"line":179,"column":54},"end":{"line":179,"column":70}},{"start":{"line":179,"column":70},"end":{"line":179,"column":null}}],"line":179},"17":{"loc":{"start":{"line":188,"column":29},"end":{"line":188,"column":null}},"type":"cond-expr","locations":[{"start":{"line":188,"column":58},"end":{"line":188,"column":74}},{"start":{"line":188,"column":74},"end":{"line":188,"column":null}}],"line":188},"18":{"loc":{"start":{"line":197,"column":29},"end":{"line":197,"column":null}},"type":"cond-expr","locations":[{"start":{"line":197,"column":59},"end":{"line":197,"column":75}},{"start":{"line":197,"column":75},"end":{"line":197,"column":null}}],"line":197}},"s":{"0":1,"1":1,"2":1,"3":1,"4":1,"5":1,"6":2,"7":0,"8":2,"9":0,"10":0,"11":2,"12":1,"13":1,"14":1,"15":1,"16":1,"17":0,"18":1,"19":1,"20":1,"21":1,"22":1,"23":0,"24":0,"25":0,"26":1,"27":0,"28":1,"29":0,"30":0,"31":1,"32":2,"33":1,"34":0,"35":1,"36":0,"37":0,"38":0,"39":0,"40":0,"41":0,"42":0,"43":0,"44":0,"45":0,"46":0,"47":0,"48":0,"49":0,"50":0,"51":0},"f":{"0":1,"1":2,"2":1,"3":0,"4":0,"5":0,"6":2,"7":0,"8":0,"9":0,"10":0,"11":0,"12":0,"13":0,"14":0,"15":0,"16":0,"17":0,"18":0,"19":0},"b":{"0":[0,2],"1":[2,2,0],"2":[0,2],"3":[0,0,0],"4":[0,1],"5":[1,0],"6":[1,0],"7":[1,1],"8":[1,0],"9":[0,0],"10":[0,0],"11":[1,0,1,0],"12":[1,0],"13":[0,1],"14":[0,1],"15":[0,1],"16":[0,1],"17":[0,1],"18":[0,1]},"meta":{"lastBranch":19,"lastFunction":20,"lastStatement":52,"seen":{"f:22:24:22:40":0,"s:23:23:23:Infinity":0,"s:24:37:24:Infinity":1,"s:25:33:25:Infinity":2,"s:26:41:26:Infinity":3,"s:27:29:30:Infinity":4,"s:33:25:50:Infinity":5,"f:33:39:33:40":1,"b:35:4:37:Infinity:undefined:undefined:undefined:undefined":0,"s:35:4:37:Infinity":6,"b:35:8:35:22:35:26:35:54:35:54:35:85":1,"s:36:6:36:Infinity":7,"b:40:4:47:Infinity:undefined:undefined:undefined:undefined":2,"s:40:4:47:Infinity":8,"s:41:20:41:Infinity":9,"s:42:6:45:Infinity":10,"b:43:8:43:Infinity:44:8:44:Infinity:45:8:45:Infinity":3,"s:49:4:49:Infinity":11,"s:53:23:65:Infinity":12,"f:53:48:53:49":2,"s:54:19:54:31":13,"s:55:19:55:31":14,"s:57:21:57:Infinity":15,"b:58:4:62:Infinity:60:11:62:Infinity":4,"s:58:4:62:Infinity":16,"b:58:8:58:38:58:38:58:66":5,"s:59:6:59:Infinity":17,"b:60:11:62:Infinity:undefined:undefined:undefined:undefined":6,"s:60:11:62:Infinity":18,"b:60:15:60:45:60:45:60:73":7,"s:61:6:61:Infinity":19,"s:64:4:64:Infinity":20,"b:64:37:64:50:64:50:64:Infinity":8,"s:68:26:68:Infinity":21,"s:70:21:74:Infinity":22,"f:70:21:70:22":3,"s:71:18:71:Infinity":23,"b:71:18:71:41:71:41:71:Infinity":9,"s:72:4:72:Infinity":24,"b:72:29:72:38:72:38:72:Infinity":10,"s:73:4:73:Infinity":25,"s:76:27:78:Infinity":26,"f:76:27:76:28":4,"s:77:4:77:Infinity":27,"s:80:34:83:Infinity":28,"f:80:34:80:35":5,"s:81:4:81:Infinity":29,"s:82:4:82:Infinity":30,"s:85:25:96:Infinity":31,"f:85:25:85:26":6,"b:87:6:88:Infinity:89:6:90:Infinity:91:6:92:Infinity:93:6:94:Infinity":11,"s:86:4:95:Infinity":32,"s:88:8:88:Infinity":33,"s:90:8:90:Infinity":34,"s:92:8:92:Infinity":35,"s:94:8:94:Infinity":36,"f:105:20:105:21":7,"s:106:12:106:Infinity":37,"f:106:23:106:24":8,"s:106:34:106:Infinity":38,"s:107:12:107:Infinity":39,"f:122:20:122:21":9,"s:123:12:123:Infinity":40,"f:123:23:123:24":10,"s:123:34:123:Infinity":41,"s:124:12:124:Infinity":42,"b:143:50:143:66:143:66:143:Infinity":12,"f:144:27:144:33":11,"s:144:33:144:Infinity":43,"b:152:52:152:68:152:68:152:Infinity":13,"f:153:27:153:33":12,"s:153:33:153:Infinity":44,"b:161:56:161:72:161:72:161:Infinity":14,"f:162:27:162:33":13,"s:162:33:162:Infinity":45,"b:170:56:170:72:170:72:170:Infinity":15,"f:171:27:171:33":14,"s:171:33:171:Infinity":46,"b:179:54:179:70:179:70:179:Infinity":16,"f:180:27:180:33":15,"s:180:33:180:Infinity":47,"b:188:58:188:74:188:74:188:Infinity":17,"f:189:27:189:33":16,"s:189:33:189:Infinity":48,"b:197:59:197:75:197:75:197:Infinity":18,"f:198:27:198:33":17,"s:198:33:198:Infinity":49,"f:229:56:229:62":18,"s:229:62:229:77":50,"f:234:56:234:62":19,"s:234:62:234:79":51}}}
}
